<?xml version="1.0" encoding="UTF-8"?>
<!-- Generated by org.testng.reporters.JUnitReportReporter -->
<testsuite hostname="kirubavathi" failures="0" tests="1" name="Runner.AuthenticationrunnerTestCase" time="5.687" errors="0" timestamp="2025-03-11T13:06:53 IST" skipped="0">
  <testcase classname="Runner.AuthenticationrunnerTestCase" name="runScenario" time="5.687"/>
</testsuite> <!-- Runner.AuthenticationrunnerTestCase -->
