<?xml version="1.0" encoding="UTF-8"?>
<!-- Generated by org.testng.reporters.JUnitReportReporter -->
<testsuite hostname="kirubavathi" failures="0" tests="2" name="stepDefinitionPackage.RunnerFBLogin" time="0.080" errors="0" timestamp="2025-03-05T14:45:32 IST" skipped="0">
  <testcase classname="stepDefinitionPackage.RunnerFBLogin" name="runScenario" time="0.005"/>
  <testcase classname="stepDefinitionPackage.RunnerFBLogin" name="runScenario" time="0.075"/>
</testsuite> <!-- stepDefinitionPackage.RunnerFBLogin -->
