<?xml version="1.0" encoding="UTF-8"?>
<!-- Generated by org.testng.reporters.JUnitReportReporter -->
<testsuite hostname="kirubavathi" failures="0" tests="1" name="Runner.RedIffRunner" time="13.022" errors="0" timestamp="2025-03-08T07:50:47 IST" skipped="0">
  <testcase classname="Runner.RedIffRunner" name="runScenario" time="13.022"/>
</testsuite> <!-- Runner.RedIffRunner -->
