<?xml version="1.0" encoding="UTF-8"?>
<!-- Generated by org.testng.reporters.JUnitReportReporter -->
<testsuite hostname="kirubavathi" failures="0" tests="1" name="Runner.AuthenticationrunnerTestCase" time="11.563" errors="0" timestamp="2025-03-08T14:55:55 IST" skipped="0">
  <testcase classname="Runner.AuthenticationrunnerTestCase" name="runScenario" time="11.563"/>
</testsuite> <!-- Runner.AuthenticationrunnerTestCase -->
